[0.012s] Invoking command in '/root/ros/msgs/build/micro_ros_msgs': CMAKE_PREFIX_PATH=/opt/ros/foxy /usr/bin/cmake /root/ros/msgs/src/micro_ros_msgs -DCMAKE_INSTALL_PREFIX=/root/ros/msgs/install/micro_ros_msgs
[0.053s] -- The C compiler identification is GNU 9.4.0
[0.095s] -- The CXX compiler identification is GNU 9.4.0
[0.100s] -- Check for working C compiler: /usr/bin/cc
[0.158s] -- Check for working C compiler: /usr/bin/cc -- works
[0.158s] -- Detecting C compiler ABI info
[0.215s] -- Detecting C compiler ABI info - done
[0.224s] -- Detecting C compile features
[0.225s] -- Detecting C compile features - done
[0.227s] -- Check for working CXX compiler: /usr/bin/c++
[0.295s] -- Check for working CXX compiler: /usr/bin/c++ -- works
[0.297s] -- Detecting CXX compiler ABI info
[0.353s] -- Detecting CXX compiler ABI info - done
[0.360s] -- Detecting CXX compile features
[0.360s] -- Detecting CXX compile features - done
[0.363s] -- Found ament_cmake: 0.9.9 (/opt/ros/foxy/share/ament_cmake/cmake)
[0.373s] -- Found PythonInterp: /usr/bin/python3 (found suitable version "3.8.10", minimum required is "3") 
[0.373s] -- Using PYTHON_EXECUTABLE: /usr/bin/python3
[0.470s] -- Found rosidl_default_generators: 1.0.1 (/opt/ros/foxy/share/rosidl_default_generators/cmake)
[0.473s] -- Using all available rosidl_typesupport_c: rosidl_typesupport_fastrtps_c;rosidl_typesupport_introspection_c
[0.477s] -- Found rosidl_adapter: 1.2.1 (/opt/ros/foxy/share/rosidl_adapter/cmake)
[0.524s] -- Found OpenSSL: /usr/lib/x86_64-linux-gnu/libcrypto.so (found version "1.1.1f")  
[0.535s] -- Found FastRTPS: /opt/ros/foxy/include  
[0.580s] -- Using all available rosidl_typesupport_cpp: rosidl_typesupport_fastrtps_cpp;rosidl_typesupport_introspection_cpp
[0.603s] -- Found ament_lint_auto: 0.9.6 (/opt/ros/foxy/share/ament_lint_auto/cmake)
[0.673s] -- Found PythonInterp: /usr/bin/python3 (found version "3.8.10") 
[0.731s] -- Found ament_cmake_ros: 0.9.2 (/opt/ros/foxy/share/ament_cmake_ros/cmake)
[0.789s] -- Using all available rosidl_typesupport_c: rosidl_typesupport_fastrtps_c;rosidl_typesupport_introspection_c
[0.798s] -- Using all available rosidl_typesupport_cpp: rosidl_typesupport_fastrtps_cpp;rosidl_typesupport_introspection_cpp
[0.810s] -- Found PythonInterp: /usr/bin/python3 (found suitable version "3.8.10", minimum required is "3.5") 
[0.812s] -- Found python_cmake_module: 0.8.1 (/opt/ros/foxy/share/python_cmake_module/cmake)
[0.828s] -- Found PythonLibs: /usr/lib/x86_64-linux-gnu/libpython3.8.so (found suitable version "3.8.10", minimum required is "3.5") 
[0.828s] -- Using PYTHON_EXECUTABLE: /usr/bin/python3
[0.828s] -- Using PYTHON_INCLUDE_DIRS: /usr/include/python3.8
[0.828s] -- Using PYTHON_LIBRARIES: /usr/lib/x86_64-linux-gnu/libpython3.8.so
[0.839s] -- Found PythonExtra: .so  
[0.876s] -- Added test 'copyright' to check source files copyright and LICENSE
[0.883s] -- Added test 'lint_cmake' to check CMake code style
[0.887s] -- Added test 'xmllint' to check XML markup files
[0.899s] -- Configuring done
[0.929s] -- Generating done
[0.930s] -- Build files have been written to: /root/ros/msgs/build/micro_ros_msgs
[0.937s] Invoked command in '/root/ros/msgs/build/micro_ros_msgs' returned '0': CMAKE_PREFIX_PATH=/opt/ros/foxy /usr/bin/cmake /root/ros/msgs/src/micro_ros_msgs -DCMAKE_INSTALL_PREFIX=/root/ros/msgs/install/micro_ros_msgs
[0.937s] Invoking command in '/root/ros/msgs/build/micro_ros_msgs': CMAKE_PREFIX_PATH=/opt/ros/foxy /usr/bin/cmake --build /root/ros/msgs/build/micro_ros_msgs -- -j8 -l8
[0.967s] [  2%] [34m[1mGenerating C code for ROS interfaces[0m
[0.968s] [35m[1mScanning dependencies of target micro_ros_msgs__cpp[0m
[0.976s] [  4%] [34m[1mGenerating C++ code for ROS interfaces[0m
[1.238s] [  4%] Built target micro_ros_msgs__cpp
[1.248s] [  8%] [34m[1mGenerating C++ type support for eProsima Fast-RTPS[0m
[1.249s] [  8%] [34m[1mGenerating C++ introspection for ROS interfaces[0m
[1.249s] [ 10%] [34m[1mGenerating C++ type support dispatch for ROS interfaces[0m
[1.264s] [35m[1mScanning dependencies of target micro_ros_msgs__rosidl_generator_c[0m
[1.276s] [ 12%] [32mBuilding C object CMakeFiles/micro_ros_msgs__rosidl_generator_c.dir/rosidl_generator_c/micro_ros_msgs/msg/detail/node__functions.c.o[0m
[1.278s] [ 14%] [32mBuilding C object CMakeFiles/micro_ros_msgs__rosidl_generator_c.dir/rosidl_generator_c/micro_ros_msgs/msg/detail/graph__functions.c.o[0m
[1.278s] [ 17%] [32mBuilding C object CMakeFiles/micro_ros_msgs__rosidl_generator_c.dir/rosidl_generator_c/micro_ros_msgs/msg/detail/entity__functions.c.o[0m
[1.319s] [ 19%] [32m[1mLinking C shared library libmicro_ros_msgs__rosidl_generator_c.so[0m
[1.359s] [ 19%] Built target micro_ros_msgs__rosidl_generator_c
[1.368s] [ 21%] [34m[1mGenerating C type support dispatch for ROS interfaces[0m
[1.370s] [ 23%] [34m[1mGenerating C introspection for ROS interfaces[0m
[1.548s] [35m[1mScanning dependencies of target micro_ros_msgs__rosidl_typesupport_cpp[0m
[1.567s] [ 27%] [32mBuilding CXX object CMakeFiles/micro_ros_msgs__rosidl_typesupport_cpp.dir/rosidl_typesupport_cpp/micro_ros_msgs/msg/graph__type_support.cpp.o[0m
[1.567s] [ 27%] [32mBuilding CXX object CMakeFiles/micro_ros_msgs__rosidl_typesupport_cpp.dir/rosidl_typesupport_cpp/micro_ros_msgs/msg/node__type_support.cpp.o[0m
[1.567s] [ 29%] [32mBuilding CXX object CMakeFiles/micro_ros_msgs__rosidl_typesupport_cpp.dir/rosidl_typesupport_cpp/micro_ros_msgs/msg/entity__type_support.cpp.o[0m
[1.608s] [35m[1mScanning dependencies of target micro_ros_msgs__rosidl_typesupport_introspection_cpp[0m
[1.630s] [ 31%] [32mBuilding CXX object CMakeFiles/micro_ros_msgs__rosidl_typesupport_introspection_cpp.dir/rosidl_typesupport_introspection_cpp/micro_ros_msgs/msg/detail/graph__type_support.cpp.o[0m
[1.643s] [ 34%] [32mBuilding CXX object CMakeFiles/micro_ros_msgs__rosidl_typesupport_introspection_cpp.dir/rosidl_typesupport_introspection_cpp/micro_ros_msgs/msg/detail/node__type_support.cpp.o[0m
[1.653s] [35m[1mScanning dependencies of target micro_ros_msgs__rosidl_typesupport_fastrtps_cpp[0m
[1.680s] [ 36%] [32mBuilding CXX object CMakeFiles/micro_ros_msgs__rosidl_typesupport_fastrtps_cpp.dir/rosidl_typesupport_fastrtps_cpp/micro_ros_msgs/msg/detail/dds_fastrtps/graph__type_support.cpp.o[0m
[1.737s] [35m[1mScanning dependencies of target micro_ros_msgs__rosidl_typesupport_c[0m
[1.754s] [ 38%] [32mBuilding CXX object CMakeFiles/micro_ros_msgs__rosidl_typesupport_c.dir/rosidl_typesupport_c/micro_ros_msgs/msg/graph__type_support.cpp.o[0m
[1.801s] [ 40%] [32mBuilding CXX object CMakeFiles/micro_ros_msgs__rosidl_typesupport_c.dir/rosidl_typesupport_c/micro_ros_msgs/msg/node__type_support.cpp.o[0m
[1.805s] [35m[1mScanning dependencies of target micro_ros_msgs__rosidl_typesupport_introspection_c[0m
[1.822s] [ 42%] [32mBuilding C object CMakeFiles/micro_ros_msgs__rosidl_typesupport_introspection_c.dir/rosidl_typesupport_introspection_c/micro_ros_msgs/msg/detail/graph__type_support.c.o[0m
[1.840s] [ 44%] [32mBuilding CXX object CMakeFiles/micro_ros_msgs__rosidl_typesupport_c.dir/rosidl_typesupport_c/micro_ros_msgs/msg/entity__type_support.cpp.o[0m
[1.873s] [ 46%] [32mBuilding C object CMakeFiles/micro_ros_msgs__rosidl_typesupport_introspection_c.dir/rosidl_typesupport_introspection_c/micro_ros_msgs/msg/detail/node__type_support.c.o[0m
[1.880s] [ 48%] [32m[1mLinking CXX shared library libmicro_ros_msgs__rosidl_typesupport_c.so[0m
[1.924s] [ 51%] [32mBuilding C object CMakeFiles/micro_ros_msgs__rosidl_typesupport_introspection_c.dir/rosidl_typesupport_introspection_c/micro_ros_msgs/msg/detail/entity__type_support.c.o[0m
[1.938s] [ 51%] Built target micro_ros_msgs__rosidl_typesupport_c
[1.949s] [ 53%] [32mBuilding CXX object CMakeFiles/micro_ros_msgs__rosidl_typesupport_fastrtps_cpp.dir/rosidl_typesupport_fastrtps_cpp/micro_ros_msgs/msg/detail/dds_fastrtps/entity__type_support.cpp.o[0m
[1.950s] [ 55%] [32mBuilding CXX object CMakeFiles/micro_ros_msgs__rosidl_typesupport_fastrtps_cpp.dir/rosidl_typesupport_fastrtps_cpp/micro_ros_msgs/msg/detail/dds_fastrtps/node__type_support.cpp.o[0m
[1.952s] [ 57%] [32m[1mLinking CXX shared library libmicro_ros_msgs__rosidl_typesupport_cpp.so[0m
[1.953s] [ 59%] [32mBuilding CXX object CMakeFiles/micro_ros_msgs__rosidl_typesupport_introspection_cpp.dir/rosidl_typesupport_introspection_cpp/micro_ros_msgs/msg/detail/entity__type_support.cpp.o[0m
[1.987s] [ 61%] [32m[1mLinking C shared library libmicro_ros_msgs__rosidl_typesupport_introspection_c.so[0m
[2.025s] [ 61%] Built target micro_ros_msgs__rosidl_typesupport_cpp
[2.070s] [ 61%] Built target micro_ros_msgs__rosidl_typesupport_introspection_c
[2.371s] [ 63%] [32m[1mLinking CXX shared library libmicro_ros_msgs__rosidl_typesupport_introspection_cpp.so[0m
[2.448s] [ 63%] Built target micro_ros_msgs__rosidl_typesupport_introspection_cpp
[2.534s] [ 65%] [32m[1mLinking CXX shared library libmicro_ros_msgs__rosidl_typesupport_fastrtps_cpp.so[0m
[2.611s] [ 65%] Built target micro_ros_msgs__rosidl_typesupport_fastrtps_cpp
[2.621s] [ 68%] [34m[1mGenerating C type support for eProsima Fast-RTPS[0m
[2.888s] [35m[1mScanning dependencies of target micro_ros_msgs__rosidl_typesupport_fastrtps_c[0m
[2.903s] [ 74%] [32mBuilding CXX object CMakeFiles/micro_ros_msgs__rosidl_typesupport_fastrtps_c.dir/rosidl_typesupport_fastrtps_c/micro_ros_msgs/msg/detail/entity__type_support_c.cpp.o[0m
[2.903s] [ 74%] [32mBuilding CXX object CMakeFiles/micro_ros_msgs__rosidl_typesupport_fastrtps_c.dir/rosidl_typesupport_fastrtps_c/micro_ros_msgs/msg/detail/graph__type_support_c.cpp.o[0m
[2.903s] [ 74%] [32mBuilding CXX object CMakeFiles/micro_ros_msgs__rosidl_typesupport_fastrtps_c.dir/rosidl_typesupport_fastrtps_c/micro_ros_msgs/msg/detail/node__type_support_c.cpp.o[0m
[3.243s] [ 76%] [32m[1mLinking CXX shared library libmicro_ros_msgs__rosidl_typesupport_fastrtps_c.so[0m
[3.311s] [ 76%] Built target micro_ros_msgs__rosidl_typesupport_fastrtps_c
[3.319s] [35m[1mScanning dependencies of target micro_ros_msgs[0m
[3.328s] [ 76%] Built target micro_ros_msgs
[3.336s] [35m[1mScanning dependencies of target micro_ros_msgs__py[0m
[3.345s] [ 78%] [34m[1mGenerating Python code for ROS interfaces[0m
[3.833s] [ 78%] Built target micro_ros_msgs__py
[3.840s] [35m[1mScanning dependencies of target micro_ros_msgs__python[0m
[3.883s] [ 80%] [32mBuilding C object CMakeFiles/micro_ros_msgs__python.dir/rosidl_generator_py/micro_ros_msgs/msg/_entity_s.c.o[0m
[3.884s] [ 85%] [32mBuilding C object CMakeFiles/micro_ros_msgs__python.dir/rosidl_generator_py/micro_ros_msgs/msg/_graph_s.c.o[0m
[3.884s] [ 85%] [32mBuilding C object CMakeFiles/micro_ros_msgs__python.dir/rosidl_generator_py/micro_ros_msgs/msg/_node_s.c.o[0m
[3.964s] [ 87%] [32m[1mLinking C shared library rosidl_generator_py/micro_ros_msgs/libmicro_ros_msgs__python.so[0m
[3.995s] [ 87%] Built target micro_ros_msgs__python
[4.003s] [35m[1mScanning dependencies of target micro_ros_msgs__rosidl_typesupport_introspection_c__pyext[0m
[4.004s] [35m[1mScanning dependencies of target micro_ros_msgs__rosidl_typesupport_c__pyext[0m
[4.004s] [35m[1mScanning dependencies of target micro_ros_msgs__rosidl_typesupport_fastrtps_c__pyext[0m
[4.021s] [ 89%] [32mBuilding C object CMakeFiles/micro_ros_msgs__rosidl_typesupport_fastrtps_c__pyext.dir/rosidl_generator_py/micro_ros_msgs/_micro_ros_msgs_s.ep.rosidl_typesupport_fastrtps_c.c.o[0m
[4.021s] [ 91%] [32mBuilding C object CMakeFiles/micro_ros_msgs__rosidl_typesupport_c__pyext.dir/rosidl_generator_py/micro_ros_msgs/_micro_ros_msgs_s.ep.rosidl_typesupport_c.c.o[0m
[4.021s] [ 93%] [32mBuilding C object CMakeFiles/micro_ros_msgs__rosidl_typesupport_introspection_c__pyext.dir/rosidl_generator_py/micro_ros_msgs/_micro_ros_msgs_s.ep.rosidl_typesupport_introspection_c.c.o[0m
[4.101s] [ 95%] [32m[1mLinking C shared library rosidl_generator_py/micro_ros_msgs/micro_ros_msgs_s__rosidl_typesupport_introspection_c.cpython-38-x86_64-linux-gnu.so[0m
[4.101s] [ 97%] [32m[1mLinking C shared library rosidl_generator_py/micro_ros_msgs/micro_ros_msgs_s__rosidl_typesupport_c.cpython-38-x86_64-linux-gnu.so[0m
[4.109s] [100%] [32m[1mLinking CXX shared library rosidl_generator_py/micro_ros_msgs/micro_ros_msgs_s__rosidl_typesupport_fastrtps_c.cpython-38-x86_64-linux-gnu.so[0m
[4.133s] [100%] Built target micro_ros_msgs__rosidl_typesupport_introspection_c__pyext
[4.133s] [100%] Built target micro_ros_msgs__rosidl_typesupport_c__pyext
[4.169s] [100%] Built target micro_ros_msgs__rosidl_typesupport_fastrtps_c__pyext
[4.182s] Invoked command in '/root/ros/msgs/build/micro_ros_msgs' returned '0': CMAKE_PREFIX_PATH=/opt/ros/foxy /usr/bin/cmake --build /root/ros/msgs/build/micro_ros_msgs -- -j8 -l8
[4.257s] Invoking command in '/root/ros/msgs/build/micro_ros_msgs': CMAKE_PREFIX_PATH=/opt/ros/foxy /usr/bin/cmake --install /root/ros/msgs/build/micro_ros_msgs
[4.264s] -- Install configuration: ""
[4.265s] -- Installing: /root/ros/msgs/install/micro_ros_msgs/share/ament_index/resource_index/rosidl_interfaces/micro_ros_msgs
[4.265s] -- Installing: /root/ros/msgs/install/micro_ros_msgs/include/micro_ros_msgs
[4.265s] -- Installing: /root/ros/msgs/install/micro_ros_msgs/include/micro_ros_msgs/msg
[4.265s] -- Installing: /root/ros/msgs/install/micro_ros_msgs/include/micro_ros_msgs/msg/detail
[4.265s] -- Installing: /root/ros/msgs/install/micro_ros_msgs/include/micro_ros_msgs/msg/detail/graph__functions.c
[4.266s] -- Installing: /root/ros/msgs/install/micro_ros_msgs/include/micro_ros_msgs/msg/detail/entity__functions.h
[4.266s] -- Installing: /root/ros/msgs/install/micro_ros_msgs/include/micro_ros_msgs/msg/detail/graph__type_support.h
[4.266s] -- Installing: /root/ros/msgs/install/micro_ros_msgs/include/micro_ros_msgs/msg/detail/graph__struct.h
[4.266s] -- Installing: /root/ros/msgs/install/micro_ros_msgs/include/micro_ros_msgs/msg/detail/graph__functions.h
[4.267s] -- Installing: /root/ros/msgs/install/micro_ros_msgs/include/micro_ros_msgs/msg/detail/node__struct.h
[4.267s] -- Installing: /root/ros/msgs/install/micro_ros_msgs/include/micro_ros_msgs/msg/detail/entity__type_support.h
[4.267s] -- Installing: /root/ros/msgs/install/micro_ros_msgs/include/micro_ros_msgs/msg/detail/node__functions.c
[4.267s] -- Installing: /root/ros/msgs/install/micro_ros_msgs/include/micro_ros_msgs/msg/detail/entity__functions.c
[4.267s] -- Installing: /root/ros/msgs/install/micro_ros_msgs/include/micro_ros_msgs/msg/detail/entity__struct.h
[4.267s] -- Installing: /root/ros/msgs/install/micro_ros_msgs/include/micro_ros_msgs/msg/detail/node__type_support.h
[4.267s] -- Installing: /root/ros/msgs/install/micro_ros_msgs/include/micro_ros_msgs/msg/detail/node__functions.h
[4.267s] -- Installing: /root/ros/msgs/install/micro_ros_msgs/include/micro_ros_msgs/msg/rosidl_generator_c__visibility_control.h
[4.267s] -- Installing: /root/ros/msgs/install/micro_ros_msgs/include/micro_ros_msgs/msg/graph.h
[4.267s] -- Installing: /root/ros/msgs/install/micro_ros_msgs/include/micro_ros_msgs/msg/entity.h
[4.267s] -- Installing: /root/ros/msgs/install/micro_ros_msgs/include/micro_ros_msgs/msg/node.h
[4.267s] -- Installing: /root/ros/msgs/install/micro_ros_msgs/share/micro_ros_msgs/environment/library_path.sh
[4.268s] -- Installing: /root/ros/msgs/install/micro_ros_msgs/share/micro_ros_msgs/environment/library_path.dsv
[4.268s] -- Installing: /root/ros/msgs/install/micro_ros_msgs/lib/libmicro_ros_msgs__rosidl_generator_c.so
[4.268s] -- Set runtime path of "/root/ros/msgs/install/micro_ros_msgs/lib/libmicro_ros_msgs__rosidl_generator_c.so" to ""
[4.268s] -- Up-to-date: /root/ros/msgs/install/micro_ros_msgs/include/micro_ros_msgs
[4.269s] -- Up-to-date: /root/ros/msgs/install/micro_ros_msgs/include/micro_ros_msgs/msg
[4.269s] -- Up-to-date: /root/ros/msgs/install/micro_ros_msgs/include/micro_ros_msgs/msg/detail
[4.269s] -- Installing: /root/ros/msgs/install/micro_ros_msgs/include/micro_ros_msgs/msg/detail/entity__rosidl_typesupport_fastrtps_c.h
[4.269s] -- Installing: /root/ros/msgs/install/micro_ros_msgs/include/micro_ros_msgs/msg/detail/graph__rosidl_typesupport_fastrtps_c.h
[4.269s] -- Installing: /root/ros/msgs/install/micro_ros_msgs/include/micro_ros_msgs/msg/detail/node__rosidl_typesupport_fastrtps_c.h
[4.269s] -- Installing: /root/ros/msgs/install/micro_ros_msgs/include/micro_ros_msgs/msg/rosidl_typesupport_fastrtps_c__visibility_control.h
[4.269s] -- Installing: /root/ros/msgs/install/micro_ros_msgs/lib/libmicro_ros_msgs__rosidl_typesupport_fastrtps_c.so
[4.270s] -- Set runtime path of "/root/ros/msgs/install/micro_ros_msgs/lib/libmicro_ros_msgs__rosidl_typesupport_fastrtps_c.so" to ""
[4.270s] -- Up-to-date: /root/ros/msgs/install/micro_ros_msgs/include/micro_ros_msgs
[4.270s] -- Up-to-date: /root/ros/msgs/install/micro_ros_msgs/include/micro_ros_msgs/msg
[4.270s] -- Up-to-date: /root/ros/msgs/install/micro_ros_msgs/include/micro_ros_msgs/msg/detail
[4.270s] -- Installing: /root/ros/msgs/install/micro_ros_msgs/include/micro_ros_msgs/msg/detail/dds_fastrtps
[4.271s] -- Installing: /root/ros/msgs/install/micro_ros_msgs/include/micro_ros_msgs/msg/detail/entity__rosidl_typesupport_fastrtps_cpp.hpp
[4.271s] -- Installing: /root/ros/msgs/install/micro_ros_msgs/include/micro_ros_msgs/msg/detail/node__rosidl_typesupport_fastrtps_cpp.hpp
[4.271s] -- Installing: /root/ros/msgs/install/micro_ros_msgs/include/micro_ros_msgs/msg/detail/graph__rosidl_typesupport_fastrtps_cpp.hpp
[4.271s] -- Installing: /root/ros/msgs/install/micro_ros_msgs/include/micro_ros_msgs/msg/rosidl_typesupport_fastrtps_cpp__visibility_control.h
[4.271s] -- Installing: /root/ros/msgs/install/micro_ros_msgs/lib/libmicro_ros_msgs__rosidl_typesupport_fastrtps_cpp.so
[4.271s] -- Set runtime path of "/root/ros/msgs/install/micro_ros_msgs/lib/libmicro_ros_msgs__rosidl_typesupport_fastrtps_cpp.so" to ""
[4.271s] -- Up-to-date: /root/ros/msgs/install/micro_ros_msgs/include/micro_ros_msgs
[4.271s] -- Up-to-date: /root/ros/msgs/install/micro_ros_msgs/include/micro_ros_msgs/msg
[4.272s] -- Up-to-date: /root/ros/msgs/install/micro_ros_msgs/include/micro_ros_msgs/msg/detail
[4.272s] -- Installing: /root/ros/msgs/install/micro_ros_msgs/include/micro_ros_msgs/msg/detail/entity__type_support.c
[4.272s] -- Installing: /root/ros/msgs/install/micro_ros_msgs/include/micro_ros_msgs/msg/detail/graph__type_support.c
[4.272s] -- Installing: /root/ros/msgs/install/micro_ros_msgs/include/micro_ros_msgs/msg/detail/graph__rosidl_typesupport_introspection_c.h
[4.272s] -- Installing: /root/ros/msgs/install/micro_ros_msgs/include/micro_ros_msgs/msg/detail/entity__rosidl_typesupport_introspection_c.h
[4.272s] -- Installing: /root/ros/msgs/install/micro_ros_msgs/include/micro_ros_msgs/msg/detail/node__type_support.c
[4.272s] -- Installing: /root/ros/msgs/install/micro_ros_msgs/include/micro_ros_msgs/msg/detail/node__rosidl_typesupport_introspection_c.h
[4.272s] -- Installing: /root/ros/msgs/install/micro_ros_msgs/include/micro_ros_msgs/msg/rosidl_typesupport_introspection_c__visibility_control.h
[4.272s] -- Installing: /root/ros/msgs/install/micro_ros_msgs/lib/libmicro_ros_msgs__rosidl_typesupport_introspection_c.so
[4.273s] -- Set runtime path of "/root/ros/msgs/install/micro_ros_msgs/lib/libmicro_ros_msgs__rosidl_typesupport_introspection_c.so" to ""
[4.273s] -- Installing: /root/ros/msgs/install/micro_ros_msgs/lib/libmicro_ros_msgs__rosidl_typesupport_c.so
[4.273s] -- Set runtime path of "/root/ros/msgs/install/micro_ros_msgs/lib/libmicro_ros_msgs__rosidl_typesupport_c.so" to ""
[4.273s] -- Up-to-date: /root/ros/msgs/install/micro_ros_msgs/include/micro_ros_msgs
[4.273s] -- Up-to-date: /root/ros/msgs/install/micro_ros_msgs/include/micro_ros_msgs/msg
[4.273s] -- Up-to-date: /root/ros/msgs/install/micro_ros_msgs/include/micro_ros_msgs/msg/detail
[4.273s] -- Installing: /root/ros/msgs/install/micro_ros_msgs/include/micro_ros_msgs/msg/detail/entity__struct.hpp
[4.273s] -- Installing: /root/ros/msgs/install/micro_ros_msgs/include/micro_ros_msgs/msg/detail/entity__builder.hpp
[4.274s] -- Installing: /root/ros/msgs/install/micro_ros_msgs/include/micro_ros_msgs/msg/detail/graph__builder.hpp
[4.274s] -- Installing: /root/ros/msgs/install/micro_ros_msgs/include/micro_ros_msgs/msg/detail/graph__struct.hpp
[4.274s] -- Installing: /root/ros/msgs/install/micro_ros_msgs/include/micro_ros_msgs/msg/detail/node__struct.hpp
[4.274s] -- Installing: /root/ros/msgs/install/micro_ros_msgs/include/micro_ros_msgs/msg/detail/graph__traits.hpp
[4.274s] -- Installing: /root/ros/msgs/install/micro_ros_msgs/include/micro_ros_msgs/msg/detail/entity__traits.hpp
[4.274s] -- Installing: /root/ros/msgs/install/micro_ros_msgs/include/micro_ros_msgs/msg/detail/node__builder.hpp
[4.274s] -- Installing: /root/ros/msgs/install/micro_ros_msgs/include/micro_ros_msgs/msg/detail/node__traits.hpp
[4.274s] -- Installing: /root/ros/msgs/install/micro_ros_msgs/include/micro_ros_msgs/msg/node.hpp
[4.274s] -- Installing: /root/ros/msgs/install/micro_ros_msgs/include/micro_ros_msgs/msg/graph.hpp
[4.275s] -- Installing: /root/ros/msgs/install/micro_ros_msgs/include/micro_ros_msgs/msg/entity.hpp
[4.275s] -- Up-to-date: /root/ros/msgs/install/micro_ros_msgs/include/micro_ros_msgs
[4.275s] -- Up-to-date: /root/ros/msgs/install/micro_ros_msgs/include/micro_ros_msgs/msg
[4.275s] -- Up-to-date: /root/ros/msgs/install/micro_ros_msgs/include/micro_ros_msgs/msg/detail
[4.275s] -- Installing: /root/ros/msgs/install/micro_ros_msgs/include/micro_ros_msgs/msg/detail/graph__type_support.cpp
[4.275s] -- Installing: /root/ros/msgs/install/micro_ros_msgs/include/micro_ros_msgs/msg/detail/graph__rosidl_typesupport_introspection_cpp.hpp
[4.275s] -- Installing: /root/ros/msgs/install/micro_ros_msgs/include/micro_ros_msgs/msg/detail/entity__type_support.cpp
[4.275s] -- Installing: /root/ros/msgs/install/micro_ros_msgs/include/micro_ros_msgs/msg/detail/node__rosidl_typesupport_introspection_cpp.hpp
[4.276s] -- Installing: /root/ros/msgs/install/micro_ros_msgs/include/micro_ros_msgs/msg/detail/entity__rosidl_typesupport_introspection_cpp.hpp
[4.276s] -- Installing: /root/ros/msgs/install/micro_ros_msgs/include/micro_ros_msgs/msg/detail/node__type_support.cpp
[4.276s] -- Installing: /root/ros/msgs/install/micro_ros_msgs/lib/libmicro_ros_msgs__rosidl_typesupport_introspection_cpp.so
[4.276s] -- Set runtime path of "/root/ros/msgs/install/micro_ros_msgs/lib/libmicro_ros_msgs__rosidl_typesupport_introspection_cpp.so" to ""
[4.276s] -- Installing: /root/ros/msgs/install/micro_ros_msgs/lib/libmicro_ros_msgs__rosidl_typesupport_cpp.so
[4.277s] -- Set runtime path of "/root/ros/msgs/install/micro_ros_msgs/lib/libmicro_ros_msgs__rosidl_typesupport_cpp.so" to ""
[4.277s] -- Installing: /root/ros/msgs/install/micro_ros_msgs/share/micro_ros_msgs/environment/pythonpath.sh
[4.277s] -- Installing: /root/ros/msgs/install/micro_ros_msgs/share/micro_ros_msgs/environment/pythonpath.dsv
[4.277s] -- Installing: /root/ros/msgs/install/micro_ros_msgs/lib/python3.8/site-packages/micro_ros_msgs/__init__.py
[4.302s] Compiling '/root/ros/msgs/install/micro_ros_msgs/lib/python3.8/site-packages/micro_ros_msgs/__init__.py'...
[4.304s] -- Installing: /root/ros/msgs/install/micro_ros_msgs/lib/python3.8/site-packages/micro_ros_msgs/msg
[4.305s] -- Installing: /root/ros/msgs/install/micro_ros_msgs/lib/python3.8/site-packages/micro_ros_msgs/msg/_node.py
[4.305s] -- Installing: /root/ros/msgs/install/micro_ros_msgs/lib/python3.8/site-packages/micro_ros_msgs/msg/_entity.py
[4.305s] -- Installing: /root/ros/msgs/install/micro_ros_msgs/lib/python3.8/site-packages/micro_ros_msgs/msg/_graph.py
[4.305s] -- Installing: /root/ros/msgs/install/micro_ros_msgs/lib/python3.8/site-packages/micro_ros_msgs/msg/__init__.py
[4.305s] -- Installing: /root/ros/msgs/install/micro_ros_msgs/lib/python3.8/site-packages/micro_ros_msgs/msg/_graph_s.c
[4.305s] -- Installing: /root/ros/msgs/install/micro_ros_msgs/lib/python3.8/site-packages/micro_ros_msgs/msg/_node_s.c
[4.305s] -- Installing: /root/ros/msgs/install/micro_ros_msgs/lib/python3.8/site-packages/micro_ros_msgs/msg/_entity_s.c
[4.305s] -- Installing: /root/ros/msgs/install/micro_ros_msgs/lib/python3.8/site-packages/micro_ros_msgs/micro_ros_msgs_s__rosidl_typesupport_fastrtps_c.cpython-38-x86_64-linux-gnu.so
[4.306s] -- Set runtime path of "/root/ros/msgs/install/micro_ros_msgs/lib/python3.8/site-packages/micro_ros_msgs/micro_ros_msgs_s__rosidl_typesupport_fastrtps_c.cpython-38-x86_64-linux-gnu.so" to ""
[4.307s] -- Installing: /root/ros/msgs/install/micro_ros_msgs/lib/python3.8/site-packages/micro_ros_msgs/micro_ros_msgs_s__rosidl_typesupport_introspection_c.cpython-38-x86_64-linux-gnu.so
[4.307s] -- Set runtime path of "/root/ros/msgs/install/micro_ros_msgs/lib/python3.8/site-packages/micro_ros_msgs/micro_ros_msgs_s__rosidl_typesupport_introspection_c.cpython-38-x86_64-linux-gnu.so" to ""
[4.307s] -- Installing: /root/ros/msgs/install/micro_ros_msgs/lib/python3.8/site-packages/micro_ros_msgs/micro_ros_msgs_s__rosidl_typesupport_c.cpython-38-x86_64-linux-gnu.so
[4.308s] -- Set runtime path of "/root/ros/msgs/install/micro_ros_msgs/lib/python3.8/site-packages/micro_ros_msgs/micro_ros_msgs_s__rosidl_typesupport_c.cpython-38-x86_64-linux-gnu.so" to ""
[4.309s] -- Installing: /root/ros/msgs/install/micro_ros_msgs/lib/libmicro_ros_msgs__python.so
[4.309s] -- Set runtime path of "/root/ros/msgs/install/micro_ros_msgs/lib/libmicro_ros_msgs__python.so" to ""
[4.309s] -- Installing: /root/ros/msgs/install/micro_ros_msgs/share/micro_ros_msgs/msg/Graph.idl
[4.309s] -- Installing: /root/ros/msgs/install/micro_ros_msgs/share/micro_ros_msgs/msg/Node.idl
[4.309s] -- Installing: /root/ros/msgs/install/micro_ros_msgs/share/micro_ros_msgs/msg/Entity.idl
[4.309s] -- Installing: /root/ros/msgs/install/micro_ros_msgs/share/micro_ros_msgs/msg/Graph.msg
[4.309s] -- Installing: /root/ros/msgs/install/micro_ros_msgs/share/micro_ros_msgs/msg/Node.msg
[4.310s] -- Installing: /root/ros/msgs/install/micro_ros_msgs/share/micro_ros_msgs/msg/Entity.msg
[4.310s] -- Installing: /root/ros/msgs/install/micro_ros_msgs/share/ament_index/resource_index/package_run_dependencies/micro_ros_msgs
[4.310s] -- Installing: /root/ros/msgs/install/micro_ros_msgs/share/ament_index/resource_index/parent_prefix_path/micro_ros_msgs
[4.310s] -- Installing: /root/ros/msgs/install/micro_ros_msgs/share/micro_ros_msgs/environment/ament_prefix_path.sh
[4.310s] -- Installing: /root/ros/msgs/install/micro_ros_msgs/share/micro_ros_msgs/environment/ament_prefix_path.dsv
[4.310s] -- Installing: /root/ros/msgs/install/micro_ros_msgs/share/micro_ros_msgs/environment/path.sh
[4.310s] -- Installing: /root/ros/msgs/install/micro_ros_msgs/share/micro_ros_msgs/environment/path.dsv
[4.310s] -- Installing: /root/ros/msgs/install/micro_ros_msgs/share/micro_ros_msgs/local_setup.bash
[4.311s] -- Installing: /root/ros/msgs/install/micro_ros_msgs/share/micro_ros_msgs/local_setup.sh
[4.311s] -- Installing: /root/ros/msgs/install/micro_ros_msgs/share/micro_ros_msgs/local_setup.zsh
[4.311s] -- Installing: /root/ros/msgs/install/micro_ros_msgs/share/micro_ros_msgs/local_setup.dsv
[4.311s] -- Installing: /root/ros/msgs/install/micro_ros_msgs/share/micro_ros_msgs/package.dsv
[4.311s] -- Installing: /root/ros/msgs/install/micro_ros_msgs/share/ament_index/resource_index/packages/micro_ros_msgs
[4.311s] -- Installing: /root/ros/msgs/install/micro_ros_msgs/share/micro_ros_msgs/cmake/micro_ros_msgs__rosidl_generator_cExport.cmake
[4.311s] -- Installing: /root/ros/msgs/install/micro_ros_msgs/share/micro_ros_msgs/cmake/micro_ros_msgs__rosidl_generator_cExport-noconfig.cmake
[4.312s] -- Installing: /root/ros/msgs/install/micro_ros_msgs/share/micro_ros_msgs/cmake/micro_ros_msgs__rosidl_typesupport_introspection_cExport.cmake
[4.312s] -- Installing: /root/ros/msgs/install/micro_ros_msgs/share/micro_ros_msgs/cmake/micro_ros_msgs__rosidl_typesupport_introspection_cExport-noconfig.cmake
[4.312s] -- Installing: /root/ros/msgs/install/micro_ros_msgs/share/micro_ros_msgs/cmake/micro_ros_msgs__rosidl_typesupport_cExport.cmake
[4.312s] -- Installing: /root/ros/msgs/install/micro_ros_msgs/share/micro_ros_msgs/cmake/micro_ros_msgs__rosidl_typesupport_cExport-noconfig.cmake
[4.313s] -- Installing: /root/ros/msgs/install/micro_ros_msgs/share/micro_ros_msgs/cmake/micro_ros_msgs__rosidl_generator_cppExport.cmake
[4.313s] -- Installing: /root/ros/msgs/install/micro_ros_msgs/share/micro_ros_msgs/cmake/micro_ros_msgs__rosidl_typesupport_introspection_cppExport.cmake
[4.313s] -- Installing: /root/ros/msgs/install/micro_ros_msgs/share/micro_ros_msgs/cmake/micro_ros_msgs__rosidl_typesupport_introspection_cppExport-noconfig.cmake
[4.313s] -- Installing: /root/ros/msgs/install/micro_ros_msgs/share/micro_ros_msgs/cmake/micro_ros_msgs__rosidl_typesupport_cppExport.cmake
[4.313s] -- Installing: /root/ros/msgs/install/micro_ros_msgs/share/micro_ros_msgs/cmake/micro_ros_msgs__rosidl_typesupport_cppExport-noconfig.cmake
[4.313s] -- Installing: /root/ros/msgs/install/micro_ros_msgs/share/micro_ros_msgs/cmake/rosidl_cmake-extras.cmake
[4.313s] -- Installing: /root/ros/msgs/install/micro_ros_msgs/share/micro_ros_msgs/cmake/ament_cmake_export_dependencies-extras.cmake
[4.313s] -- Installing: /root/ros/msgs/install/micro_ros_msgs/share/micro_ros_msgs/cmake/ament_cmake_export_libraries-extras.cmake
[4.313s] -- Installing: /root/ros/msgs/install/micro_ros_msgs/share/micro_ros_msgs/cmake/ament_cmake_export_targets-extras.cmake
[4.314s] -- Installing: /root/ros/msgs/install/micro_ros_msgs/share/micro_ros_msgs/cmake/ament_cmake_export_include_directories-extras.cmake
[4.314s] -- Installing: /root/ros/msgs/install/micro_ros_msgs/share/micro_ros_msgs/cmake/rosidl_cmake_export_typesupport_libraries-extras.cmake
[4.314s] -- Installing: /root/ros/msgs/install/micro_ros_msgs/share/micro_ros_msgs/cmake/rosidl_cmake_export_typesupport_targets-extras.cmake
[4.314s] -- Installing: /root/ros/msgs/install/micro_ros_msgs/share/micro_ros_msgs/cmake/micro_ros_msgsConfig.cmake
[4.314s] -- Installing: /root/ros/msgs/install/micro_ros_msgs/share/micro_ros_msgs/cmake/micro_ros_msgsConfig-version.cmake
[4.314s] -- Installing: /root/ros/msgs/install/micro_ros_msgs/share/micro_ros_msgs/package.xml
[4.317s] Invoked command in '/root/ros/msgs/build/micro_ros_msgs' returned '0': CMAKE_PREFIX_PATH=/opt/ros/foxy /usr/bin/cmake --install /root/ros/msgs/build/micro_ros_msgs
